<?xml version="1.0" encoding="UTF-8"?>
<testsuite name="kotlinTest.CalculatorTest" tests="1" skipped="0" failures="0" errors="0" timestamp="2020-04-19T18:23:51" hostname="Qis-iMac.local" time="0.001">
  <properties/>
  <testcase name="input1and2_equals3" classname="kotlinTest.CalculatorTest" time="0.001"/>
  <system-out><![CDATA[]]></system-out>
  <system-err><![CDATA[]]></system-err>
</testsuite>
